Build started 2010-12-07 08:31:10.
     1>Project "C:\Users\blo0p3r\My Dropbox\École\CSI4133\Lab06\ImageProc_Student\ImageProc\ImageProc.vcxproj" on node 2 (build target(s)).
     1>InitializeBuildStatus:
         Creating "Debug\ImageProc.unsuccessfulbuild" because "AlwaysCreate" was specified.
       ClCompile:
         All outputs are up-to-date.
         All outputs are up-to-date.
       ResourceCompile:
         All outputs are up-to-date.
       ManifestResourceCompile:
         All outputs are up-to-date.
       Link:
         All outputs are up-to-date.
       Manifest:
         C:\Program Files (x86)\Microsoft SDKs\Windows\v7.0A\bin\mt.exe /nologo /verbose /out:"Debug\ImageProc.exe.embed.manifest" /manifest Debug\ImageProc.exe.intermediate.manifest "C:\Program Files (x86)\Microsoft Visual Studio 10.0\VC\Include\Manifest\dpiaware.manifest"
         All outputs are up-to-date.
       FinalizeBuildStatus:
         Deleting file "Debug\ImageProc.unsuccessfulbuild".
         Touching "Debug\ImageProc.lastbuildstate".
     1>Done Building Project "C:\Users\blo0p3r\My Dropbox\École\CSI4133\Lab06\ImageProc_Student\ImageProc\ImageProc.vcxproj" (build target(s)).

Build succeeded.

Time Elapsed 00:00:01.11
